Traceback (most recent call last):
  File "/Users/david.lippert/anaconda3/lib/python3.7/site-packages/jupyter_cache/executors/utils.py", line 56, in single_nb_execution
    record_timing=False,
  File "/Users/david.lippert/anaconda3/lib/python3.7/site-packages/nbclient/client.py", line 1087, in execute
    return NotebookClient(nb=nb, resources=resources, km=km, **kwargs).execute()
  File "/Users/david.lippert/anaconda3/lib/python3.7/site-packages/nbclient/util.py", line 74, in wrapped
    return just_run(coro(*args, **kwargs))
  File "/Users/david.lippert/anaconda3/lib/python3.7/site-packages/nbclient/util.py", line 53, in just_run
    return loop.run_until_complete(coro)
  File "/Users/david.lippert/anaconda3/lib/python3.7/asyncio/base_events.py", line 579, in run_until_complete
    return future.result()
  File "/Users/david.lippert/anaconda3/lib/python3.7/site-packages/nbclient/client.py", line 541, in async_execute
    cell, index, execution_count=self.code_cells_executed + 1
  File "/Users/david.lippert/anaconda3/lib/python3.7/site-packages/nbclient/client.py", line 832, in async_execute_cell
    self._check_raise_for_error(cell, exec_reply)
  File "/Users/david.lippert/anaconda3/lib/python3.7/site-packages/nbclient/client.py", line 740, in _check_raise_for_error
    raise CellExecutionError.from_cell_and_msg(cell, exec_reply['content'])
nbclient.exceptions.CellExecutionError: An error occurred while executing the following cell:
------------------
# Execute this cell to load the notebook's style sheet, then ignore it
from IPython.core.display import HTML
css_file = 'PAC.css'
HTML(open(css_file, "r").read())
------------------

[0;31m---------------------------------------------------------------------------[0m
[0;31mFileNotFoundError[0m                         Traceback (most recent call last)
[0;32m<ipython-input-1-bee8b8c41d59>[0m in [0;36m<module>[0;34m[0m
[1;32m      2[0m [0;32mfrom[0m [0mIPython[0m[0;34m.[0m[0mcore[0m[0;34m.[0m[0mdisplay[0m [0;32mimport[0m [0mHTML[0m[0;34m[0m[0;34m[0m[0m
[1;32m      3[0m [0mcss_file[0m [0;34m=[0m [0;34m'PAC.css'[0m[0;34m[0m[0;34m[0m[0m
[0;32m----> 4[0;31m [0mHTML[0m[0;34m([0m[0mopen[0m[0;34m([0m[0mcss_file[0m[0;34m,[0m [0;34m"r"[0m[0;34m)[0m[0;34m.[0m[0mread[0m[0;34m([0m[0;34m)[0m[0;34m)[0m[0;34m[0m[0;34m[0m[0m
[0m
[0;31mFileNotFoundError[0m: [Errno 2] No such file or directory: 'PAC.css'
FileNotFoundError: [Errno 2] No such file or directory: 'PAC.css'

